<?xml version="1.0" encoding="UTF-8"?>
<!-- Generated by org.testng.reporters.JUnitReportReporter -->
<testsuite hostname="DESKTOP-TT3UMVU" failures="0" tests="5" name="tests.LoginPageTest" time="30.572" errors="0" timestamp="2025-04-17T21:42:44 IST" skipped="0">
  <testcase classname="tests.LoginPageTest" name="verifyLoginInvalidData" time="4.945"/>
  <testcase classname="tests.LoginPageTest" name="verifyLoginInvalidData" time="4.857"/>
  <testcase classname="tests.LoginPageTest" name="verifyLogging" time="6.651"/>
  <testcase classname="tests.LoginPageTest" name="verifyLogin" time="7.041"/>
  <testcase classname="tests.LoginPageTest" name="verifyLoginnew" time="7.078"/>
</testsuite> <!-- tests.LoginPageTest -->
