<?xml version="1.0" encoding="UTF-8"?>
<!-- Generated by org.testng.reporters.JUnitReportReporter -->
<testsuite hostname="DESKTOP-TT3UMVU" failures="0" tests="4" name="tests.CartPageTest" time="0.003" errors="0" timestamp="2025-04-05T15:48:41 IST" skipped="4">
  <testcase classname="tests.CartPageTest" name="validateCartPageProductTitle" time="0.000">
    <skipped/>
  </testcase> <!-- validateCartPageProductTitle -->
  <testcase classname="tests.CartPageTest" name="validateCartPage" time="0.000">
    <skipped/>
  </testcase> <!-- validateCartPage -->
  <testcase classname="tests.CartPageTest" name="validateContinueShippingButton" time="0.000">
    <skipped/>
  </testcase> <!-- validateContinueShippingButton -->
  <testcase classname="tests.CartPageTest" name="validateRemoveProduct" time="0.003">
    <skipped/>
  </testcase> <!-- validateRemoveProduct -->
</testsuite> <!-- tests.CartPageTest -->
