<?xml version="1.0" encoding="UTF-8"?>
<!-- Generated by org.testng.reporters.JUnitReportReporter -->
<testsuite hostname="DESKTOP-TT3UMVU" failures="0" tests="6" name="tests.ProductTest" time="0.002" errors="0" timestamp="2025-04-05T15:48:41 IST" skipped="6">
  <testcase classname="tests.ProductTest" name="addToCartProductFromListing" time="0.001">
    <skipped/>
  </testcase> <!-- addToCartProductFromListing -->
  <testcase classname="tests.ProductTest" name="verifyProductPriceDscOrder" time="0.000">
    <skipped/>
  </testcase> <!-- verifyProductPriceDscOrder -->
  <testcase classname="tests.ProductTest" name="getProductPriceAscOrder" time="0.001">
    <skipped/>
  </testcase> <!-- getProductPriceAscOrder -->
  <testcase classname="tests.ProductTest" name="verifyAllProductPrice" time="0.000">
    <skipped/>
  </testcase> <!-- verifyAllProductPrice -->
  <testcase classname="tests.ProductTest" name="verifyAllProductTitle" time="0.000">
    <skipped/>
  </testcase> <!-- verifyAllProductTitle -->
  <testcase classname="tests.ProductTest" name="verifyDescOrderProduct" time="0.000">
    <skipped/>
  </testcase> <!-- verifyDescOrderProduct -->
</testsuite> <!-- tests.ProductTest -->
