<?xml version="1.0" encoding="UTF-8"?>
<!-- Generated by org.testng.reporters.JUnitReportReporter -->
<testsuite hostname="DESKTOP-TT3UMVU" failures="0" tests="1" name="tests.OrderConfimationPageTest" time="0.000" errors="0" timestamp="2025-04-05T15:48:41 IST" skipped="1">
  <testcase classname="tests.OrderConfimationPageTest" name="validateOrderConfirmationPage" time="0.000">
    <skipped/>
  </testcase> <!-- validateOrderConfirmationPage -->
</testsuite> <!-- tests.OrderConfimationPageTest -->
