<?xml version="1.0" encoding="UTF-8"?>
<!-- Generated by org.testng.reporters.JUnitReportReporter -->
<testsuite hostname="DESKTOP-TT3UMVU" failures="0" tests="3" name="tests.ProductDetailPageTest" time="0.000" errors="0" timestamp="2025-04-05T15:48:41 IST" skipped="3">
  <testcase classname="tests.ProductDetailPageTest" name="validateAddToCart" time="0.000">
    <skipped/>
  </testcase> <!-- validateAddToCart -->
  <testcase classname="tests.ProductDetailPageTest" name="validateBackToProductListing" time="0.000">
    <skipped/>
  </testcase> <!-- validateBackToProductListing -->
  <testcase classname="tests.ProductDetailPageTest" name="validateProductDetail" time="0.000">
    <skipped/>
  </testcase> <!-- validateProductDetail -->
</testsuite> <!-- tests.ProductDetailPageTest -->
