<?xml version="1.0" encoding="UTF-8"?>
<!-- Generated by org.testng.reporters.JUnitReportReporter -->
<testsuite hostname="DESKTOP-TT3UMVU" failures="0" tests="3" name="tests.OrderSummaryPageTest" time="0.000" errors="0" timestamp="2025-04-05T15:48:41 IST" skipped="3">
  <testcase classname="tests.OrderSummaryPageTest" name="validateCancelButton" time="0.000">
    <skipped/>
  </testcase> <!-- validateCancelButton -->
  <testcase classname="tests.OrderSummaryPageTest" name="validateOrderSummary" time="0.000">
    <skipped/>
  </testcase> <!-- validateOrderSummary -->
  <testcase classname="tests.OrderSummaryPageTest" name="validateMultipleProductPrice" time="0.000">
    <skipped/>
  </testcase> <!-- validateMultipleProductPrice -->
</testsuite> <!-- tests.OrderSummaryPageTest -->
