<?xml version="1.0" encoding="UTF-8"?>
<!-- Generated by org.testng.reporters.JUnitReportReporter -->
<testsuite hostname="DESKTOP-TT3UMVU" failures="0" tests="3" name="tests.AddressPageTest" time="0.001" errors="0" timestamp="2025-04-05T15:48:41 IST" skipped="3">
  <testcase classname="tests.AddressPageTest" name="validateAddressPage" time="0.001">
    <skipped/>
  </testcase> <!-- validateAddressPage -->
  <testcase classname="tests.AddressPageTest" name="validateAddressContinueButton" time="0.000">
    <skipped/>
  </testcase> <!-- validateAddressContinueButton -->
  <testcase classname="tests.AddressPageTest" name="validateAddressEmptyData" time="0.000">
    <skipped/>
  </testcase> <!-- validateAddressEmptyData -->
</testsuite> <!-- tests.AddressPageTest -->
