<?xml version="1.0" encoding="UTF-8"?>
<!-- Generated by org.testng.reporters.JUnitReportReporter -->
<testsuite hostname="DESKTOP-TT3UMVU" failures="0" tests="4" name="tests.LoginPageTest" time="18.883" errors="0" timestamp="2025-04-05T16:32:04 IST" skipped="1">
  <testcase classname="tests.LoginPageTest" name="verifyLoginInvalidData" time="6.298"/>
  <testcase classname="tests.LoginPageTest" name="verifyLoginnew" time="7.884"/>
  <testcase classname="tests.LoginPageTest" name="verifyLoginInvalidData" time="4.701"/>
  <testcase classname="tests.LoginPageTest" name="verifyLogin">
    <skipped/>
  </testcase> <!-- verifyLogin -->
</testsuite> <!-- tests.LoginPageTest -->
