<?xml version="1.0" encoding="UTF-8"?>
<!-- Generated by org.testng.reporters.JUnitReportReporter -->
<testsuite hostname="DESKTOP-TT3UMVU" failures="0" tests="3" name="tests.AddressPageTest" time="83.632" errors="0" timestamp="2025-04-05T19:28:46 IST" skipped="0">
  <testcase classname="tests.AddressPageTest" name="validateAddressPage" time="26.105"/>
  <testcase classname="tests.AddressPageTest" name="validateAddressContinueButton" time="26.698"/>
  <testcase classname="tests.AddressPageTest" name="validateAddressEmptyData" time="30.829"/>
</testsuite> <!-- tests.AddressPageTest -->
